<?xml version="1.0" encoding="UTF-8"?>
<testng-results skipped="0" failed="0" total="2" passed="2">
  <reporter-output>
  </reporter-output>
  <suite name="Default suite" duration-ms="43" started-at="2019-10-22T13:14:41Z" finished-at="2019-10-22T13:14:41Z">
    <groups>
    </groups>
    <test name="Default test" duration-ms="43" started-at="2019-10-22T13:14:41Z" finished-at="2019-10-22T13:14:41Z">
      <class name="selenium.Testng_annotations$TestngAnnotation">
        <test-method status="PASS" signature="beforeSuite()[pri:0, instance:selenium.Testng_annotations$TestngAnnotation@7085bdee]" name="beforeSuite" is-config="true" duration-ms="6418" started-at="2019-10-22T18:44:35Z" finished-at="2019-10-22T18:44:41Z">
          <reporter-output>
          </reporter-output>
        </test-method> <!-- beforeSuite -->
        <test-method status="PASS" signature="beforeTest()[pri:0, instance:selenium.Testng_annotations$TestngAnnotation@7085bdee]" name="beforeTest" is-config="true" duration-ms="1" started-at="2019-10-22T18:44:41Z" finished-at="2019-10-22T18:44:41Z">
          <reporter-output>
          </reporter-output>
        </test-method> <!-- beforeTest -->
        <test-method status="PASS" signature="beforeClass()[pri:0, instance:selenium.Testng_annotations$TestngAnnotation@7085bdee]" name="beforeClass" is-config="true" duration-ms="1" started-at="2019-10-22T18:44:41Z" finished-at="2019-10-22T18:44:41Z">
          <reporter-output>
          </reporter-output>
        </test-method> <!-- beforeClass -->
        <test-method status="PASS" signature="beforeMethod()[pri:0, instance:selenium.Testng_annotations$TestngAnnotation@7085bdee]" name="beforeMethod" is-config="true" duration-ms="0" started-at="2019-10-22T18:44:41Z" finished-at="2019-10-22T18:44:41Z">
          <reporter-output>
          </reporter-output>
        </test-method> <!-- beforeMethod -->
        <test-method status="PASS" signature="testCase1()[pri:0, instance:selenium.Testng_annotations$TestngAnnotation@7085bdee]" name="testCase1" duration-ms="6" started-at="2019-10-22T18:44:41Z" finished-at="2019-10-22T18:44:41Z">
          <reporter-output>
          </reporter-output>
        </test-method> <!-- testCase1 -->
        <test-method status="PASS" signature="afterMethod()[pri:0, instance:selenium.Testng_annotations$TestngAnnotation@7085bdee]" name="afterMethod" is-config="true" duration-ms="0" started-at="2019-10-22T18:44:41Z" finished-at="2019-10-22T18:44:41Z">
          <reporter-output>
          </reporter-output>
        </test-method> <!-- afterMethod -->
        <test-method status="PASS" signature="testCase2()[pri:0, instance:selenium.Testng_annotations$TestngAnnotation@7085bdee]" name="testCase2" duration-ms="2" started-at="2019-10-22T18:44:41Z" finished-at="2019-10-22T18:44:41Z">
          <reporter-output>
          </reporter-output>
        </test-method> <!-- testCase2 -->
        <test-method status="PASS" signature="beforeMethod()[pri:0, instance:selenium.Testng_annotations$TestngAnnotation@7085bdee]" name="beforeMethod" is-config="true" duration-ms="0" started-at="2019-10-22T18:44:41Z" finished-at="2019-10-22T18:44:41Z">
          <reporter-output>
          </reporter-output>
        </test-method> <!-- beforeMethod -->
        <test-method status="PASS" signature="afterClass()[pri:0, instance:selenium.Testng_annotations$TestngAnnotation@7085bdee]" name="afterClass" is-config="true" duration-ms="0" started-at="2019-10-22T18:44:41Z" finished-at="2019-10-22T18:44:41Z">
          <reporter-output>
          </reporter-output>
        </test-method> <!-- afterClass -->
        <test-method status="PASS" signature="afterMethod()[pri:0, instance:selenium.Testng_annotations$TestngAnnotation@7085bdee]" name="afterMethod" is-config="true" duration-ms="0" started-at="2019-10-22T18:44:41Z" finished-at="2019-10-22T18:44:41Z">
          <reporter-output>
          </reporter-output>
        </test-method> <!-- afterMethod -->
        <test-method status="PASS" signature="afterTest()[pri:0, instance:selenium.Testng_annotations$TestngAnnotation@7085bdee]" name="afterTest" is-config="true" duration-ms="0" started-at="2019-10-22T18:44:41Z" finished-at="2019-10-22T18:44:41Z">
          <reporter-output>
          </reporter-output>
        </test-method> <!-- afterTest -->
        <test-method status="PASS" signature="afterSuite()[pri:0, instance:selenium.Testng_annotations$TestngAnnotation@7085bdee]" name="afterSuite" is-config="true" duration-ms="3374" started-at="2019-10-22T18:44:42Z" finished-at="2019-10-22T18:44:45Z">
          <reporter-output>
          </reporter-output>
        </test-method> <!-- afterSuite -->
      </class> <!-- selenium.Testng_annotations$TestngAnnotation -->
    </test> <!-- Default test -->
  </suite> <!-- Default suite -->
</testng-results>
