<?xml version="1.0" encoding="UTF-8"?>
<testng-results skipped="0" failed="0" ignored="0" total="2" passed="2">
  <reporter-output>
  </reporter-output>
  <suite name="Default suite" duration-ms="42" started-at="2019-10-17T11:02:21Z" finished-at="2019-10-17T11:02:21Z">
    <groups>
    </groups>
    <test name="Default test" duration-ms="42" started-at="2019-10-17T11:02:21Z" finished-at="2019-10-17T11:02:21Z">
      <class name="selenium.Testng_annotations$TestngAnnotation">
        <test-method status="PASS" signature="beforeSuite()[pri:0, instance:selenium.Testng_annotations$TestngAnnotation@3f49dace]" name="beforeSuite" is-config="true" duration-ms="28" started-at="2019-10-17T16:32:21Z" finished-at="2019-10-17T16:32:21Z">
          <reporter-output>
          </reporter-output>
        </test-method> <!-- beforeSuite -->
        <test-method status="PASS" signature="beforeTest()[pri:0, instance:selenium.Testng_annotations$TestngAnnotation@3f49dace]" name="beforeTest" is-config="true" duration-ms="4" started-at="2019-10-17T16:32:21Z" finished-at="2019-10-17T16:32:21Z">
          <reporter-output>
          </reporter-output>
        </test-method> <!-- beforeTest -->
        <test-method status="PASS" signature="beforeClass()[pri:0, instance:selenium.Testng_annotations$TestngAnnotation@3f49dace]" name="beforeClass" is-config="true" duration-ms="0" started-at="2019-10-17T16:32:21Z" finished-at="2019-10-17T16:32:21Z">
          <reporter-output>
          </reporter-output>
        </test-method> <!-- beforeClass -->
        <test-method status="PASS" signature="beforeMethod()[pri:0, instance:selenium.Testng_annotations$TestngAnnotation@3f49dace]" name="beforeMethod" is-config="true" duration-ms="2" started-at="2019-10-17T16:32:21Z" finished-at="2019-10-17T16:32:21Z">
          <reporter-output>
          </reporter-output>
        </test-method> <!-- beforeMethod -->
        <test-method status="PASS" signature="testCase1()[pri:0, instance:selenium.Testng_annotations$TestngAnnotation@3f49dace]" name="testCase1" duration-ms="5" started-at="2019-10-17T16:32:21Z" finished-at="2019-10-17T16:32:21Z">
          <reporter-output>
          </reporter-output>
        </test-method> <!-- testCase1 -->
        <test-method status="PASS" signature="afterMethod()[pri:0, instance:selenium.Testng_annotations$TestngAnnotation@3f49dace]" name="afterMethod" is-config="true" duration-ms="2" started-at="2019-10-17T16:32:21Z" finished-at="2019-10-17T16:32:21Z">
          <reporter-output>
          </reporter-output>
        </test-method> <!-- afterMethod -->
        <test-method status="PASS" signature="beforeMethod()[pri:0, instance:selenium.Testng_annotations$TestngAnnotation@3f49dace]" name="beforeMethod" is-config="true" duration-ms="0" started-at="2019-10-17T16:32:21Z" finished-at="2019-10-17T16:32:21Z">
          <reporter-output>
          </reporter-output>
        </test-method> <!-- beforeMethod -->
        <test-method status="PASS" signature="testCase2()[pri:0, instance:selenium.Testng_annotations$TestngAnnotation@3f49dace]" name="testCase2" duration-ms="3" started-at="2019-10-17T16:32:21Z" finished-at="2019-10-17T16:32:21Z">
          <reporter-output>
          </reporter-output>
        </test-method> <!-- testCase2 -->
        <test-method status="PASS" signature="afterMethod()[pri:0, instance:selenium.Testng_annotations$TestngAnnotation@3f49dace]" name="afterMethod" is-config="true" duration-ms="0" started-at="2019-10-17T16:32:21Z" finished-at="2019-10-17T16:32:21Z">
          <reporter-output>
          </reporter-output>
        </test-method> <!-- afterMethod -->
        <test-method status="PASS" signature="afterClass()[pri:0, instance:selenium.Testng_annotations$TestngAnnotation@3f49dace]" name="afterClass" is-config="true" duration-ms="0" started-at="2019-10-17T16:32:21Z" finished-at="2019-10-17T16:32:21Z">
          <reporter-output>
          </reporter-output>
        </test-method> <!-- afterClass -->
        <test-method status="PASS" signature="afterTest()[pri:0, instance:selenium.Testng_annotations$TestngAnnotation@3f49dace]" name="afterTest" is-config="true" duration-ms="1" started-at="2019-10-17T16:32:21Z" finished-at="2019-10-17T16:32:21Z">
          <reporter-output>
          </reporter-output>
        </test-method> <!-- afterTest -->
        <test-method status="PASS" signature="afterSuite()[pri:0, instance:selenium.Testng_annotations$TestngAnnotation@3f49dace]" name="afterSuite" is-config="true" duration-ms="1" started-at="2019-10-17T16:32:21Z" finished-at="2019-10-17T16:32:21Z">
          <reporter-output>
          </reporter-output>
        </test-method> <!-- afterSuite -->
      </class> <!-- selenium.Testng_annotations$TestngAnnotation -->
    </test> <!-- Default test -->
  </suite> <!-- Default suite -->
</testng-results>
